<?xml version="1.0" encoding="UTF-8"?>
<!DOCTYPE coverage SYSTEM "https://raw.githubusercontent.com/cobertura/cobertura/master/cobertura/src/site/htdocs/xml/coverage-04.dtd">
<coverage line-rate="0.46" branch-rate="0" lines-covered="46" lines-valid="100" branches-covered="0" branches-valid="0" complexity="0" version="3.6.4" timestamp="2024-09-05 10:37:03.209664">
  <sources>
    <source>/__w/roxy.shinylive/roxy.shinylive/roxy.shinylive</source>
  </sources>
  <packages>
    <package name="roxy.shinylive" line-rate="0.46" branch-rate="0" complexity="0">
      <classes>
        <class name="parse_url.R" filename="R/parse_url.R" line-rate="1" branch-rate="0" complexity="0">
          <methods>
            <method name="create_shinylive_url" signature="" line-rate="1" branch-rate="0" complexity="0">
              <lines>
                <line number="15" hits="10" branch="false"/>
                <line number="19" hits="10" branch="false"/>
                <line number="20" hits="10" branch="false"/>
                <line number="21" hits="10" branch="false"/>
                <line number="22" hits="10" branch="false"/>
                <line number="23" hits="10" branch="false"/>
                <line number="24" hits="10" branch="false"/>
                <line number="25" hits="10" branch="false"/>
                <line number="26" hits="10" branch="false"/>
              </lines>
            </method>
          </methods>
          <lines>
            <line number="15" hits="10" branch="false"/>
            <line number="19" hits="10" branch="false"/>
            <line number="20" hits="10" branch="false"/>
            <line number="21" hits="10" branch="false"/>
            <line number="22" hits="10" branch="false"/>
            <line number="23" hits="10" branch="false"/>
            <line number="24" hits="10" branch="false"/>
            <line number="25" hits="10" branch="false"/>
            <line number="26" hits="10" branch="false"/>
          </lines>
        </class>
        <class name="tag_examplesShinylive.R" filename="R/tag_examplesShinylive.R" line-rate="0.406593406593407" branch-rate="0" complexity="0">
          <methods>
            <method name="roxy_tag_parse.roxy_tag_examplesShinylive" signature="" line-rate="1" branch-rate="0" complexity="0">
              <lines>
                <line number="102" hits="11" branch="false"/>
                <line number="103" hits="5" branch="false"/>
                <line number="107" hits="11" branch="false"/>
                <line number="109" hits="11" branch="false"/>
                <line number="111" hits="11" branch="false"/>
                <line number="113" hits="11" branch="false"/>
                <line number="114" hits="11" branch="false"/>
                <line number="115" hits="11" branch="false"/>
                <line number="116" hits="11" branch="false"/>
                <line number="118" hits="11" branch="false"/>
                <line number="119" hits="11" branch="false"/>
                <line number="120" hits="11" branch="false"/>
                <line number="121" hits="11" branch="false"/>
                <line number="123" hits="11" branch="false"/>
                <line number="124" hits="11" branch="false"/>
                <line number="125" hits="11" branch="false"/>
                <line number="126" hits="11" branch="false"/>
                <line number="127" hits="11" branch="false"/>
                <line number="128" hits="11" branch="false"/>
                <line number="129" hits="11" branch="false"/>
                <line number="130" hits="11" branch="false"/>
                <line number="131" hits="11" branch="false"/>
                <line number="132" hits="11" branch="false"/>
                <line number="133" hits="11" branch="false"/>
                <line number="134" hits="11" branch="false"/>
                <line number="135" hits="11" branch="false"/>
                <line number="136" hits="11" branch="false"/>
                <line number="137" hits="11" branch="false"/>
                <line number="138" hits="11" branch="false"/>
                <line number="140" hits="11" branch="false"/>
                <line number="141" hits="1" branch="false"/>
                <line number="142" hits="1" branch="false"/>
                <line number="145" hits="10" branch="false"/>
                <line number="146" hits="1" branch="false"/>
                <line number="147" hits="1" branch="false"/>
                <line number="149" hits="9" branch="false"/>
                <line number="150" hits="9" branch="false"/>
              </lines>
            </method>
            <method name="roxy_tag_rd.roxy_tag_examplesShinylive" signature="" line-rate="0" branch-rate="0" complexity="0">
              <lines>
                <line number="157" hits="0" branch="false"/>
              </lines>
            </method>
            <method name="format.rd_section_examplesShinylive" signature="" line-rate="0" branch-rate="0" complexity="0">
              <lines>
                <line number="163" hits="0" branch="false"/>
                <line number="164" hits="0" branch="false"/>
                <line number="165" hits="0" branch="false"/>
                <line number="166" hits="0" branch="false"/>
                <line number="167" hits="0" branch="false"/>
                <line number="168" hits="0" branch="false"/>
                <line number="169" hits="0" branch="false"/>
                <line number="170" hits="0" branch="false"/>
                <line number="171" hits="0" branch="false"/>
                <line number="172" hits="0" branch="false"/>
                <line number="173" hits="0" branch="false"/>
                <line number="174" hits="0" branch="false"/>
                <line number="175" hits="0" branch="false"/>
                <line number="176" hits="0" branch="false"/>
                <line number="177" hits="0" branch="false"/>
                <line number="178" hits="0" branch="false"/>
                <line number="179" hits="0" branch="false"/>
                <line number="180" hits="0" branch="false"/>
                <line number="181" hits="0" branch="false"/>
                <line number="182" hits="0" branch="false"/>
                <line number="183" hits="0" branch="false"/>
                <line number="184" hits="0" branch="false"/>
                <line number="185" hits="0" branch="false"/>
                <line number="186" hits="0" branch="false"/>
                <line number="187" hits="0" branch="false"/>
                <line number="189" hits="0" branch="false"/>
                <line number="190" hits="0" branch="false"/>
                <line number="191" hits="0" branch="false"/>
                <line number="192" hits="0" branch="false"/>
                <line number="193" hits="0" branch="false"/>
                <line number="194" hits="0" branch="false"/>
                <line number="195" hits="0" branch="false"/>
                <line number="196" hits="0" branch="false"/>
                <line number="197" hits="0" branch="false"/>
                <line number="198" hits="0" branch="false"/>
                <line number="199" hits="0" branch="false"/>
                <line number="200" hits="0" branch="false"/>
                <line number="201" hits="0" branch="false"/>
                <line number="202" hits="0" branch="false"/>
                <line number="204" hits="0" branch="false"/>
                <line number="205" hits="0" branch="false"/>
                <line number="206" hits="0" branch="false"/>
                <line number="207" hits="0" branch="false"/>
                <line number="208" hits="0" branch="false"/>
                <line number="209" hits="0" branch="false"/>
                <line number="210" hits="0" branch="false"/>
                <line number="211" hits="0" branch="false"/>
                <line number="212" hits="0" branch="false"/>
                <line number="213" hits="0" branch="false"/>
                <line number="214" hits="0" branch="false"/>
                <line number="215" hits="0" branch="false"/>
                <line number="216" hits="0" branch="false"/>
                <line number="217" hits="0" branch="false"/>
              </lines>
            </method>
          </methods>
          <lines>
            <line number="102" hits="11" branch="false"/>
            <line number="103" hits="5" branch="false"/>
            <line number="107" hits="11" branch="false"/>
            <line number="109" hits="11" branch="false"/>
            <line number="111" hits="11" branch="false"/>
            <line number="113" hits="11" branch="false"/>
            <line number="114" hits="11" branch="false"/>
            <line number="115" hits="11" branch="false"/>
            <line number="116" hits="11" branch="false"/>
            <line number="118" hits="11" branch="false"/>
            <line number="119" hits="11" branch="false"/>
            <line number="120" hits="11" branch="false"/>
            <line number="121" hits="11" branch="false"/>
            <line number="123" hits="11" branch="false"/>
            <line number="124" hits="11" branch="false"/>
            <line number="125" hits="11" branch="false"/>
            <line number="126" hits="11" branch="false"/>
            <line number="127" hits="11" branch="false"/>
            <line number="128" hits="11" branch="false"/>
            <line number="129" hits="11" branch="false"/>
            <line number="130" hits="11" branch="false"/>
            <line number="131" hits="11" branch="false"/>
            <line number="132" hits="11" branch="false"/>
            <line number="133" hits="11" branch="false"/>
            <line number="134" hits="11" branch="false"/>
            <line number="135" hits="11" branch="false"/>
            <line number="136" hits="11" branch="false"/>
            <line number="137" hits="11" branch="false"/>
            <line number="138" hits="11" branch="false"/>
            <line number="140" hits="11" branch="false"/>
            <line number="141" hits="1" branch="false"/>
            <line number="142" hits="1" branch="false"/>
            <line number="145" hits="10" branch="false"/>
            <line number="146" hits="1" branch="false"/>
            <line number="147" hits="1" branch="false"/>
            <line number="149" hits="9" branch="false"/>
            <line number="150" hits="9" branch="false"/>
            <line number="157" hits="0" branch="false"/>
            <line number="163" hits="0" branch="false"/>
            <line number="164" hits="0" branch="false"/>
            <line number="165" hits="0" branch="false"/>
            <line number="166" hits="0" branch="false"/>
            <line number="167" hits="0" branch="false"/>
            <line number="168" hits="0" branch="false"/>
            <line number="169" hits="0" branch="false"/>
            <line number="170" hits="0" branch="false"/>
            <line number="171" hits="0" branch="false"/>
            <line number="172" hits="0" branch="false"/>
            <line number="173" hits="0" branch="false"/>
            <line number="174" hits="0" branch="false"/>
            <line number="175" hits="0" branch="false"/>
            <line number="176" hits="0" branch="false"/>
            <line number="177" hits="0" branch="false"/>
            <line number="178" hits="0" branch="false"/>
            <line number="179" hits="0" branch="false"/>
            <line number="180" hits="0" branch="false"/>
            <line number="181" hits="0" branch="false"/>
            <line number="182" hits="0" branch="false"/>
            <line number="183" hits="0" branch="false"/>
            <line number="184" hits="0" branch="false"/>
            <line number="185" hits="0" branch="false"/>
            <line number="186" hits="0" branch="false"/>
            <line number="187" hits="0" branch="false"/>
            <line number="189" hits="0" branch="false"/>
            <line number="190" hits="0" branch="false"/>
            <line number="191" hits="0" branch="false"/>
            <line number="192" hits="0" branch="false"/>
            <line number="193" hits="0" branch="false"/>
            <line number="194" hits="0" branch="false"/>
            <line number="195" hits="0" branch="false"/>
            <line number="196" hits="0" branch="false"/>
            <line number="197" hits="0" branch="false"/>
            <line number="198" hits="0" branch="false"/>
            <line number="199" hits="0" branch="false"/>
            <line number="200" hits="0" branch="false"/>
            <line number="201" hits="0" branch="false"/>
            <line number="202" hits="0" branch="false"/>
            <line number="204" hits="0" branch="false"/>
            <line number="205" hits="0" branch="false"/>
            <line number="206" hits="0" branch="false"/>
            <line number="207" hits="0" branch="false"/>
            <line number="208" hits="0" branch="false"/>
            <line number="209" hits="0" branch="false"/>
            <line number="210" hits="0" branch="false"/>
            <line number="211" hits="0" branch="false"/>
            <line number="212" hits="0" branch="false"/>
            <line number="213" hits="0" branch="false"/>
            <line number="214" hits="0" branch="false"/>
            <line number="215" hits="0" branch="false"/>
            <line number="216" hits="0" branch="false"/>
            <line number="217" hits="0" branch="false"/>
          </lines>
        </class>
      </classes>
    </package>
  </packages>
</coverage>
